Determining if the pthread_create exist failed with the following output:
Change Dir: /home/zargol/catkin_ws_user/odroid-build/auto_stop_usr/CMakeFiles/CMakeTmp

Run Build Command:/usr/bin/make "cmTryCompileExec3675686027/fast"
/usr/bin/make -f CMakeFiles/cmTryCompileExec3675686027.dir/build.make CMakeFiles/cmTryCompileExec3675686027.dir/build
make[1]: Entering directory `/home/zargol/catkin_ws_user/odroid-build/auto_stop_usr/CMakeFiles/CMakeTmp'
/usr/bin/cmake -E cmake_progress_report /home/zargol/catkin_ws_user/odroid-build/auto_stop_usr/CMakeFiles/CMakeTmp/CMakeFiles 1
Building C object CMakeFiles/cmTryCompileExec3675686027.dir/CheckSymbolExists.c.o
/opt/odroid-x2/compiler/bin/arm-linux-gnueabihf-gcc    -o CMakeFiles/cmTryCompileExec3675686027.dir/CheckSymbolExists.c.o   -c /home/zargol/catkin_ws_user/odroid-build/auto_stop_usr/CMakeFiles/CMakeTmp/CheckSymbolExists.c
Linking C executable cmTryCompileExec3675686027
/usr/bin/cmake -E cmake_link_script CMakeFiles/cmTryCompileExec3675686027.dir/link.txt --verbose=1
/opt/odroid-x2/compiler/bin/arm-linux-gnueabihf-gcc       CMakeFiles/cmTryCompileExec3675686027.dir/CheckSymbolExists.c.o  -o cmTryCompileExec3675686027 -rdynamic 
CMakeFiles/cmTryCompileExec3675686027.dir/CheckSymbolExists.c.o: In function `main':
CheckSymbolExists.c:(.text+0xe): undefined reference to `pthread_create'
CheckSymbolExists.c:(.text+0x12): undefined reference to `pthread_create'
collect2: error: ld returned 1 exit status
make[1]: *** [cmTryCompileExec3675686027] Error 1
make[1]: Leaving directory `/home/zargol/catkin_ws_user/odroid-build/auto_stop_usr/CMakeFiles/CMakeTmp'
make: *** [cmTryCompileExec3675686027/fast] Error 2

File /home/zargol/catkin_ws_user/odroid-build/auto_stop_usr/CMakeFiles/CMakeTmp/CheckSymbolExists.c:
/* */
#include <pthread.h>

int main(int argc, char** argv)
{
  (void)argv;
#ifndef pthread_create
  return ((int*)(&pthread_create))[argc];
#else
  (void)argc;
  return 0;
#endif
}

Determining if the function pthread_create exists in the pthreads failed with the following output:
Change Dir: /home/zargol/catkin_ws_user/odroid-build/auto_stop_usr/CMakeFiles/CMakeTmp

Run Build Command:/usr/bin/make "cmTryCompileExec3655815141/fast"
/usr/bin/make -f CMakeFiles/cmTryCompileExec3655815141.dir/build.make CMakeFiles/cmTryCompileExec3655815141.dir/build
make[1]: Entering directory `/home/zargol/catkin_ws_user/odroid-build/auto_stop_usr/CMakeFiles/CMakeTmp'
/usr/bin/cmake -E cmake_progress_report /home/zargol/catkin_ws_user/odroid-build/auto_stop_usr/CMakeFiles/CMakeTmp/CMakeFiles 1
Building C object CMakeFiles/cmTryCompileExec3655815141.dir/CheckFunctionExists.c.o
/opt/odroid-x2/compiler/bin/arm-linux-gnueabihf-gcc   -DCHECK_FUNCTION_EXISTS=pthread_create   -o CMakeFiles/cmTryCompileExec3655815141.dir/CheckFunctionExists.c.o   -c /usr/share/cmake-2.8/Modules/CheckFunctionExists.c
Linking C executable cmTryCompileExec3655815141
/usr/bin/cmake -E cmake_link_script CMakeFiles/cmTryCompileExec3655815141.dir/link.txt --verbose=1
/opt/odroid-x2/compiler/bin/arm-linux-gnueabihf-gcc   -DCHECK_FUNCTION_EXISTS=pthread_create    CMakeFiles/cmTryCompileExec3655815141.dir/CheckFunctionExists.c.o  -o cmTryCompileExec3655815141 -rdynamic -lpthreads 
/opt/odroid-x2/compiler/bin/../lib/gcc/arm-linux-gnueabihf/4.8.3/../../../../arm-linux-gnueabihf/bin/ld: cannot find -lpthreads
collect2: error: ld returned 1 exit status
make[1]: Leaving directory `/home/zargol/catkin_ws_user/odroid-build/auto_stop_usr/CMakeFiles/CMakeTmp'
make[1]: *** [cmTryCompileExec3655815141] Error 1
make: *** [cmTryCompileExec3655815141/fast] Error 2


