Determining if the pthread_create exist failed with the following output:
Change Dir: /home/zargol/catkin_ws_user/odroid-build/auto_stop/CMakeFiles/CMakeTmp

Run Build Command:/usr/bin/make "cmTryCompileExec1466464639/fast"
/usr/bin/make -f CMakeFiles/cmTryCompileExec1466464639.dir/build.make CMakeFiles/cmTryCompileExec1466464639.dir/build
make[1]: Entering directory `/home/zargol/catkin_ws_user/odroid-build/auto_stop/CMakeFiles/CMakeTmp'
/usr/bin/cmake -E cmake_progress_report /home/zargol/catkin_ws_user/odroid-build/auto_stop/CMakeFiles/CMakeTmp/CMakeFiles 1
Building C object CMakeFiles/cmTryCompileExec1466464639.dir/CheckSymbolExists.c.o
/opt/odroid-x2/compiler/bin/arm-linux-gnueabihf-gcc    -o CMakeFiles/cmTryCompileExec1466464639.dir/CheckSymbolExists.c.o   -c /home/zargol/catkin_ws_user/odroid-build/auto_stop/CMakeFiles/CMakeTmp/CheckSymbolExists.c
Linking C executable cmTryCompileExec1466464639
/usr/bin/cmake -E cmake_link_script CMakeFiles/cmTryCompileExec1466464639.dir/link.txt --verbose=1
/opt/odroid-x2/compiler/bin/arm-linux-gnueabihf-gcc       CMakeFiles/cmTryCompileExec1466464639.dir/CheckSymbolExists.c.o  -o cmTryCompileExec1466464639 -rdynamic 
CMakeFiles/cmTryCompileExec1466464639.dir/CheckSymbolExists.c.o: In function `main':
CheckSymbolExists.c:(.text+0xe): undefined reference to `pthread_create'
CheckSymbolExists.c:(.text+0x12): undefined reference to `pthread_create'
collect2: error: ld returned 1 exit status
make[1]: *** [cmTryCompileExec1466464639] Error 1
make[1]: Leaving directory `/home/zargol/catkin_ws_user/odroid-build/auto_stop/CMakeFiles/CMakeTmp'
make: *** [cmTryCompileExec1466464639/fast] Error 2

File /home/zargol/catkin_ws_user/odroid-build/auto_stop/CMakeFiles/CMakeTmp/CheckSymbolExists.c:
/* */
#include <pthread.h>

int main(int argc, char** argv)
{
  (void)argv;
#ifndef pthread_create
  return ((int*)(&pthread_create))[argc];
#else
  (void)argc;
  return 0;
#endif
}

Determining if the function pthread_create exists in the pthreads failed with the following output:
Change Dir: /home/zargol/catkin_ws_user/odroid-build/auto_stop/CMakeFiles/CMakeTmp

Run Build Command:/usr/bin/make "cmTryCompileExec2979357946/fast"
/usr/bin/make -f CMakeFiles/cmTryCompileExec2979357946.dir/build.make CMakeFiles/cmTryCompileExec2979357946.dir/build
make[1]: Entering directory `/home/zargol/catkin_ws_user/odroid-build/auto_stop/CMakeFiles/CMakeTmp'
/usr/bin/cmake -E cmake_progress_report /home/zargol/catkin_ws_user/odroid-build/auto_stop/CMakeFiles/CMakeTmp/CMakeFiles 1
Building C object CMakeFiles/cmTryCompileExec2979357946.dir/CheckFunctionExists.c.o
/opt/odroid-x2/compiler/bin/arm-linux-gnueabihf-gcc   -DCHECK_FUNCTION_EXISTS=pthread_create   -o CMakeFiles/cmTryCompileExec2979357946.dir/CheckFunctionExists.c.o   -c /usr/share/cmake-2.8/Modules/CheckFunctionExists.c
Linking C executable cmTryCompileExec2979357946
/usr/bin/cmake -E cmake_link_script CMakeFiles/cmTryCompileExec2979357946.dir/link.txt --verbose=1
/opt/odroid-x2/compiler/bin/arm-linux-gnueabihf-gcc   -DCHECK_FUNCTION_EXISTS=pthread_create    CMakeFiles/cmTryCompileExec2979357946.dir/CheckFunctionExists.c.o  -o cmTryCompileExec2979357946 -rdynamic -lpthreads 
/opt/odroid-x2/compiler/bin/../lib/gcc/arm-linux-gnueabihf/4.8.3/../../../../arm-linux-gnueabihf/bin/ld: cannot find -lpthreads
collect2: error: ld returned 1 exit status
make[1]: *** [cmTryCompileExec2979357946] Error 1
make[1]: Leaving directory `/home/zargol/catkin_ws_user/odroid-build/auto_stop/CMakeFiles/CMakeTmp'
make: *** [cmTryCompileExec2979357946/fast] Error 2


