[[36mauto_stop_usr[0m] [1m[34m==>[0m '[1m/home/zargol/catkin_ws_user/odroid-build/auto_stop_usr/build_env.sh /usr/bin/make cmake_check_build_system[0m' [30m[1min[0m '[1m/home/zargol/catkin_ws_user/odroid-build/auto_stop_usr[0m'[0m
-- Using CATKIN_DEVEL_PREFIX: /home/zargol/catkin_ws_user/odroid-devel
-- Using CMAKE_PREFIX_PATH: /home/zargol/catkin_ws_user/odroid-install;/opt/odroid-x2/sdk/opt/ros/indigo;/opt/odroid-x2/sdk//opt/ros/indigo
-- This workspace overlays: /home/zargol/catkin_ws_user/odroid-install;/opt/odroid-x2/sdk/opt/ros/indigo;/opt/odroid-x2/sdk//opt/ros/indigo
-- Using PYTHON_EXECUTABLE: /usr/bin/python
-- Using Debian Python package layout
-- Using empy: /usr/bin/empy
-- Using CATKIN_ENABLE_TESTING: ON
-- Call enable_testing()
-- Using CATKIN_TEST_RESULTS_DIR: /home/zargol/catkin_ws_user/odroid-build/auto_stop_usr/test_results
-- Found gtest sources under '/usr/src/gtest': gtests will be built
-- Using Python nosetests: /usr/bin/nosetests-2.7
-- catkin 0.6.16
-- Configuring done
-- Generating done
-- Build files have been written to: /home/zargol/catkin_ws_user/odroid-build/auto_stop_usr
[[36mauto_stop_usr[0m] [32m<==[0m '[1m/home/zargol/catkin_ws_user/odroid-build/auto_stop_usr/build_env.sh /usr/bin/make cmake_check_build_system[0m' finished with return code '[1m0[0m'[0m
[[36mauto_stop_usr[0m] [1m[34m==>[0m '[1m/home/zargol/catkin_ws_user/odroid-build/auto_stop_usr/build_env.sh /usr/bin/make --jobserver-fds=3,6 -j[0m' [30m[1min[0m '[1m/home/zargol/catkin_ws_user/odroid-build/auto_stop_usr[0m'[0m
[100%] [32mBuilding CXX object CMakeFiles/auto_stop_node.dir/src/auto_stop.cpp.o
[0m[31m[1mLinking CXX executable /home/zargol/catkin_ws_user/odroid-devel/lib/auto_stop_usr/auto_stop_node
[0m[100%] Built target auto_stop_node
[[36mauto_stop_usr[0m] [32m<==[0m '[1m/home/zargol/catkin_ws_user/odroid-build/auto_stop_usr/build_env.sh /usr/bin/make --jobserver-fds=3,6 -j[0m' finished with return code '[1m0[0m'[0m
[[36mauto_stop_usr[0m] [1m[34m==>[0m '[1m/home/zargol/catkin_ws_user/odroid-build/auto_stop_usr/build_env.sh /usr/bin/make install[0m' [30m[1min[0m '[1m/home/zargol/catkin_ws_user/odroid-build/auto_stop_usr[0m'[0m
[100%] Built target auto_stop_node
[36mInstall the project...
[0m-- Install configuration: ""
-- Installing: /home/zargol/catkin_ws_user/odroid-install/_setup_util.py
-- Installing: /home/zargol/catkin_ws_user/odroid-install/env.sh
-- Installing: /home/zargol/catkin_ws_user/odroid-install/setup.bash
-- Installing: /home/zargol/catkin_ws_user/odroid-install/setup.sh
-- Installing: /home/zargol/catkin_ws_user/odroid-install/setup.zsh
-- Installing: /home/zargol/catkin_ws_user/odroid-install/.rosinstall
-- Installing: /home/zargol/catkin_ws_user/odroid-install/lib/pkgconfig/auto_stop_usr.pc
-- Installing: /home/zargol/catkin_ws_user/odroid-install/share/auto_stop_usr/cmake/auto_stop_usrConfig.cmake
-- Installing: /home/zargol/catkin_ws_user/odroid-install/share/auto_stop_usr/cmake/auto_stop_usrConfig-version.cmake
-- Up-to-date: /home/zargol/catkin_ws_user/odroid-install/share/auto_stop_usr/package.xml
-- Installing: /home/zargol/catkin_ws_user/odroid-install/lib/auto_stop_usr/auto_stop_node
-- Removed runtime path from "/home/zargol/catkin_ws_user/odroid-install/lib/auto_stop_usr/auto_stop_node"
-- Installing: /home/zargol/catkin_ws_user/odroid-install/share/auto_stop_usr/launch
-- Installing: /home/zargol/catkin_ws_user/odroid-install/share/auto_stop_usr/launch/auto_stop_user.launch~
-- Installing: /home/zargol/catkin_ws_user/odroid-install/share/auto_stop_usr/launch/auto_stop_user.launch
[[36mauto_stop_usr[0m] [32m<==[0m '[1m/home/zargol/catkin_ws_user/odroid-build/auto_stop_usr/build_env.sh /usr/bin/make install[0m' finished with return code '[1m0[0m'[0m
